[2024-11-28 12:30:31,864: INFO: main: hey there, this is custom log]
[2024-12-01 16:01:03,854: INFO: common: yaml file: config\config.yaml loaded successfully]
[2024-12-01 16:01:03,913: INFO: common: yaml file: params.yaml loaded successfully]
[2024-12-01 16:01:03,926: INFO: common: created directory at: artifacts]
[2024-12-01 16:01:03,937: INFO: common: created directory at: artifacts/data_ingestion]
[2024-12-01 16:03:12,564: INFO: common: yaml file: config\config.yaml loaded successfully]
[2024-12-01 16:03:12,569: INFO: common: yaml file: params.yaml loaded successfully]
[2024-12-01 16:03:12,573: INFO: common: created directory at: artifacts]
[2024-12-01 16:03:12,578: INFO: common: created directory at: artifacts/data_ingestion]
[2024-12-01 16:03:48,660: INFO: common: yaml file: config\config.yaml loaded successfully]
[2024-12-01 16:03:48,664: INFO: common: yaml file: params.yaml loaded successfully]
[2024-12-01 16:03:48,667: INFO: common: created directory at: artifacts]
[2024-12-01 16:03:48,669: INFO: common: created directory at: artifacts/data_ingestion]
[2024-12-01 16:05:03,963: INFO: common: yaml file: config\config.yaml loaded successfully]
[2024-12-01 16:05:03,966: INFO: common: yaml file: params.yaml loaded successfully]
[2024-12-01 16:05:03,970: INFO: common: created directory at: artifacts]
[2024-12-01 16:05:03,972: INFO: common: created directory at: artifacts/data_ingestion]
[2024-12-01 18:59:21,514: INFO: utils: NumExpr defaulting to 8 threads.]
[2024-12-02 15:44:48,978: INFO: utils: NumExpr defaulting to 8 threads.]
[2024-12-02 22:00:59,750: INFO: common: yaml file: config\config.yaml loaded successfully]
[2024-12-02 22:00:59,793: INFO: common: yaml file: params.yaml loaded successfully]
[2024-12-02 22:00:59,798: INFO: common: created directory at: artifacts]
[2024-12-02 22:00:59,806: INFO: common: created directory at: artifacts/data_ingestion]
[2024-12-03 11:14:33,529: INFO: main: >>>>>> stage Data Ingestion stage started <<<<<<]
[2024-12-03 11:14:33,531: INFO: common: yaml file: C:\Users\Anuj Bohra\Desktop\MLOps\config\config.yaml loaded successfully]
[2024-12-03 11:14:33,534: INFO: common: yaml file: C:\Users\Anuj Bohra\Desktop\MLOps\params.yaml loaded successfully]
[2024-12-03 11:14:33,536: INFO: common: created directory at: artifacts]
[2024-12-03 11:14:33,537: INFO: common: created directory at: artifacts/data_ingestion]
[2024-12-03 11:14:35,346: INFO: data_ingestion: artifacts/data_ingestion/data.zip download! with following info: 
Connection: close
Content-Length: 11616915
Cache-Control: max-age=300
Content-Security-Policy: default-src 'none'; style-src 'unsafe-inline'; sandbox
Content-Type: application/zip
ETag: "adf745abc03891fe493c3be264ec012691fe3fa21d861f35a27edbe6d86a76b1"
Strict-Transport-Security: max-age=31536000
X-Content-Type-Options: nosniff
X-Frame-Options: deny
X-XSS-Protection: 1; mode=block
X-GitHub-Request-Id: 13EE:F5EFC:11D928:1553B4:674E9936
Accept-Ranges: bytes
Date: Tue, 03 Dec 2024 05:44:34 GMT
Via: 1.1 varnish
X-Served-By: cache-bom4744-BOM
X-Cache: HIT
X-Cache-Hits: 0
X-Timer: S1733204674.038822,VS0,VE254
Vary: Authorization,Accept-Encoding,Origin
Access-Control-Allow-Origin: *
Cross-Origin-Resource-Policy: cross-origin
X-Fastly-Request-ID: 6c8deb8a4f61ae169b106bc8831b200294dbdfb3
Expires: Tue, 03 Dec 2024 05:49:34 GMT
Source-Age: 0

]
[2024-12-03 11:14:36,233: INFO: main: >>>>>> stage Data Ingestion stage completed <<<<<<

x==========x]
[2024-12-03 11:26:10,006: INFO: utils: NumExpr defaulting to 8 threads.]
[2024-12-03 11:26:21,588: INFO: common: yaml file: C:\Users\Anuj Bohra\Desktop\MLOps\config\config.yaml loaded successfully]
[2024-12-03 11:26:21,595: INFO: common: yaml file: C:\Users\Anuj Bohra\Desktop\MLOps\params.yaml loaded successfully]
[2024-12-03 11:26:21,596: INFO: common: created directory at: artifacts]
[2024-12-03 11:26:21,598: INFO: common: created directory at: artifacts/data_ingestion]
[2024-12-03 11:27:58,928: INFO: common: yaml file: C:\Users\Anuj Bohra\Desktop\MLOps\config\config.yaml loaded successfully]
[2024-12-03 11:27:58,937: INFO: common: yaml file: C:\Users\Anuj Bohra\Desktop\MLOps\params.yaml loaded successfully]
[2024-12-03 11:27:58,941: INFO: common: created directory at: artifacts]
[2024-12-03 11:27:58,944: INFO: common: created directory at: artifacts/data_ingestion]
[2024-12-03 11:36:58,912: INFO: common: yaml file: C:\Users\Anuj Bohra\Desktop\MLOps\config\config.yaml loaded successfully]
[2024-12-03 11:36:58,936: INFO: common: yaml file: C:\Users\Anuj Bohra\Desktop\MLOps\params.yaml loaded successfully]
[2024-12-03 11:36:58,942: INFO: common: created directory at: artifacts]
[2024-12-03 11:36:58,947: INFO: common: created directory at: artifacts/data_ingestion]
[2024-12-03 11:45:33,809: INFO: common: yaml file: C:\Users\Anuj Bohra\Desktop\MLOps\config\config.yaml loaded successfully]
[2024-12-03 11:45:33,817: INFO: common: yaml file: C:\Users\Anuj Bohra\Desktop\MLOps\params.yaml loaded successfully]
[2024-12-03 11:45:33,821: INFO: common: created directory at: artifacts]
[2024-12-03 11:46:28,893: INFO: common: yaml file: C:\Users\Anuj Bohra\Desktop\MLOps\config\config.yaml loaded successfully]
[2024-12-03 11:46:28,900: INFO: common: yaml file: C:\Users\Anuj Bohra\Desktop\MLOps\params.yaml loaded successfully]
[2024-12-03 11:46:28,902: INFO: common: created directory at: artifacts]
[2024-12-03 11:47:04,429: INFO: common: yaml file: C:\Users\Anuj Bohra\Desktop\MLOps\config\config.yaml loaded successfully]
[2024-12-03 11:47:04,437: INFO: common: yaml file: C:\Users\Anuj Bohra\Desktop\MLOps\params.yaml loaded successfully]
[2024-12-03 11:47:04,440: INFO: common: created directory at: artifacts]
[2024-12-03 11:50:40,046: INFO: common: yaml file: C:\Users\Anuj Bohra\Desktop\MLOps\config\config.yaml loaded successfully]
[2024-12-03 11:50:40,053: INFO: common: yaml file: C:\Users\Anuj Bohra\Desktop\MLOps\params.yaml loaded successfully]
[2024-12-03 11:50:40,059: INFO: common: created directory at: artifacts]
[2024-12-03 11:50:40,063: INFO: common: created directory at: artifacts/prepare_base_model]
[2024-12-03 11:51:46,631: INFO: common: yaml file: C:\Users\Anuj Bohra\Desktop\MLOps\config\config.yaml loaded successfully]
[2024-12-03 11:51:46,654: INFO: common: yaml file: C:\Users\Anuj Bohra\Desktop\MLOps\params.yaml loaded successfully]
[2024-12-03 11:51:46,657: INFO: common: created directory at: artifacts]
[2024-12-03 11:51:46,660: INFO: common: created directory at: artifacts/prepare_base_model]
[2024-12-03 11:51:53,584: WARNING: saving_utils: Compiled the loaded model, but the compiled metrics have yet to be built. `model.compile_metrics` will be empty until you train or evaluate the model.]
[2024-12-03 12:13:44,529: INFO: utils: NumExpr defaulting to 8 threads.]
[2024-12-03 12:13:47,294: INFO: main: >>>>>> stage Data Ingestion stage started <<<<<<]
[2024-12-03 12:13:47,298: INFO: common: yaml file: C:\Users\Anuj Bohra\Desktop\MLOps\config\config.yaml loaded successfully]
[2024-12-03 12:13:47,307: INFO: common: yaml file: C:\Users\Anuj Bohra\Desktop\MLOps\params.yaml loaded successfully]
[2024-12-03 12:13:47,309: INFO: common: created directory at: artifacts]
[2024-12-03 12:13:47,311: INFO: common: created directory at: artifacts/data_ingestion]
[2024-12-03 12:13:48,882: INFO: data_ingestion: artifacts/data_ingestion/data.zip download! with following info: 
Connection: close
Content-Length: 11616915
Cache-Control: max-age=300
Content-Security-Policy: default-src 'none'; style-src 'unsafe-inline'; sandbox
Content-Type: application/zip
ETag: "adf745abc03891fe493c3be264ec012691fe3fa21d861f35a27edbe6d86a76b1"
Strict-Transport-Security: max-age=31536000
X-Content-Type-Options: nosniff
X-Frame-Options: deny
X-XSS-Protection: 1; mode=block
X-GitHub-Request-Id: 13EE:F5EFC:11D928:1553B4:674E9936
Accept-Ranges: bytes
Date: Tue, 03 Dec 2024 06:43:48 GMT
Via: 1.1 varnish
X-Served-By: cache-bom4726-BOM
X-Cache: HIT
X-Cache-Hits: 0
X-Timer: S1733208228.749132,VS0,VE421
Vary: Authorization,Accept-Encoding,Origin
Access-Control-Allow-Origin: *
Cross-Origin-Resource-Policy: cross-origin
X-Fastly-Request-ID: dd89b8ed2de640686d91383b0ec1cdca8509672c
Expires: Tue, 03 Dec 2024 06:48:48 GMT
Source-Age: 0

]
[2024-12-03 12:13:51,982: INFO: main: >>>>>> stage Data Ingestion stage completed <<<<<<

x==========x]
[2024-12-03 12:13:51,985: INFO: main: *******************]
[2024-12-03 12:13:51,986: INFO: main: >>>>>> stage Prepare base model started <<<<<<]
[2024-12-03 12:13:52,005: INFO: common: yaml file: C:\Users\Anuj Bohra\Desktop\MLOps\config\config.yaml loaded successfully]
[2024-12-03 12:13:52,041: INFO: common: yaml file: C:\Users\Anuj Bohra\Desktop\MLOps\params.yaml loaded successfully]
[2024-12-03 12:13:52,071: INFO: common: created directory at: artifacts]
[2024-12-03 12:13:52,109: INFO: common: created directory at: artifacts/prepare_base_model]
[2024-12-03 12:13:54,636: WARNING: saving_utils: Compiled the loaded model, but the compiled metrics have yet to be built. `model.compile_metrics` will be empty until you train or evaluate the model.]
[2024-12-03 12:13:55,682: INFO: main: >>>>>> stage Prepare base model completed <<<<<<

x==========x]
[2024-12-03 14:38:43,645: INFO: utils: NumExpr defaulting to 8 threads.]
[2024-12-03 14:39:03,614: INFO: common: yaml file: C:\Users\Anuj Bohra\Desktop\MLOps\config\config.yaml loaded successfully]
[2024-12-03 14:39:03,630: INFO: common: yaml file: C:\Users\Anuj Bohra\Desktop\MLOps\params.yaml loaded successfully]
[2024-12-03 14:39:03,633: INFO: common: created directory at: artifacts]
[2024-12-03 14:39:03,636: INFO: common: created directory at: artifacts\prepare_callbacks\checkpoint_dir]
[2024-12-03 14:39:03,640: INFO: common: created directory at: artifacts\prepare_callbacks\tensorboard_log_dir]
[2024-12-03 14:50:51,837: INFO: common: yaml file: C:\Users\Anuj Bohra\Desktop\MLOps\config\config.yaml loaded successfully]
[2024-12-03 14:50:51,840: INFO: common: yaml file: C:\Users\Anuj Bohra\Desktop\MLOps\params.yaml loaded successfully]
[2024-12-03 14:50:51,841: INFO: common: created directory at: artifacts]
[2024-12-03 14:50:51,843: INFO: common: created directory at: artifacts\prepare_callbacks\checkpoint_dir]
[2024-12-03 14:50:51,845: INFO: common: created directory at: artifacts\prepare_callbacks\tensorboard_log_dir]
[2024-12-03 16:34:53,508: INFO: utils: NumExpr defaulting to 8 threads.]
[2024-12-03 16:41:20,577: INFO: common: yaml file: C:\Users\Anuj Bohra\Desktop\MLOps\config\config.yaml loaded successfully]
[2024-12-03 16:41:20,589: INFO: common: yaml file: C:\Users\Anuj Bohra\Desktop\MLOps\params.yaml loaded successfully]
[2024-12-03 16:41:20,597: INFO: common: created directory at: artifacts]
[2024-12-03 16:41:20,603: INFO: common: created directory at: artifacts\prepare_callbacks\checkpoint_dir]
[2024-12-03 16:41:20,608: INFO: common: created directory at: artifacts\prepare_callbacks\tensorboard_log_dir]
[2024-12-03 16:41:30,959: INFO: common: yaml file: C:\Users\Anuj Bohra\Desktop\MLOps\config\config.yaml loaded successfully]
[2024-12-03 16:41:30,970: INFO: common: yaml file: C:\Users\Anuj Bohra\Desktop\MLOps\params.yaml loaded successfully]
[2024-12-03 16:41:30,975: INFO: common: created directory at: artifacts]
[2024-12-03 16:41:30,980: INFO: common: created directory at: artifacts\prepare_callbacks\checkpoint_dir]
[2024-12-03 16:41:30,984: INFO: common: created directory at: artifacts\prepare_callbacks\tensorboard_log_dir]
[2024-12-03 16:41:42,731: INFO: common: yaml file: C:\Users\Anuj Bohra\Desktop\MLOps\config\config.yaml loaded successfully]
[2024-12-03 16:41:42,740: INFO: common: yaml file: C:\Users\Anuj Bohra\Desktop\MLOps\params.yaml loaded successfully]
[2024-12-03 16:41:42,745: INFO: common: created directory at: artifacts]
[2024-12-03 16:41:42,749: INFO: common: created directory at: artifacts\prepare_callbacks\checkpoint_dir]
[2024-12-03 16:41:42,753: INFO: common: created directory at: artifacts\prepare_callbacks\tensorboard_log_dir]
[2024-12-03 16:42:58,362: INFO: common: yaml file: C:\Users\Anuj Bohra\Desktop\MLOps\config\config.yaml loaded successfully]
[2024-12-03 16:42:58,371: INFO: common: yaml file: C:\Users\Anuj Bohra\Desktop\MLOps\params.yaml loaded successfully]
[2024-12-03 16:42:58,375: INFO: common: created directory at: artifacts]
[2024-12-03 16:42:58,378: INFO: common: created directory at: artifacts\prepare_callbacks\checkpoint_dir]
[2024-12-03 16:42:58,381: INFO: common: created directory at: artifacts\prepare_callbacks\tensorboard_log_dir]
[2024-12-03 16:42:58,384: INFO: common: created directory at: artifacts\training]
[2024-12-03 21:07:42,922: INFO: utils: NumExpr defaulting to 8 threads.]
[2024-12-03 21:07:47,068: INFO: main: >>>>>> stage Data Ingestion stage started <<<<<<]
[2024-12-03 21:07:47,097: INFO: common: yaml file: C:\Users\Anuj Bohra\Desktop\MLOps\config\config.yaml loaded successfully]
[2024-12-03 21:07:47,121: INFO: common: yaml file: C:\Users\Anuj Bohra\Desktop\MLOps\params.yaml loaded successfully]
[2024-12-03 21:07:47,123: INFO: common: created directory at: artifacts]
[2024-12-03 21:07:47,125: INFO: common: created directory at: artifacts/data_ingestion]
[2024-12-03 21:07:50,358: INFO: data_ingestion: artifacts/data_ingestion/data.zip download! with following info: 
Connection: close
Content-Length: 11616915
Cache-Control: max-age=300
Content-Security-Policy: default-src 'none'; style-src 'unsafe-inline'; sandbox
Content-Type: application/zip
ETag: "adf745abc03891fe493c3be264ec012691fe3fa21d861f35a27edbe6d86a76b1"
Strict-Transport-Security: max-age=31536000
X-Content-Type-Options: nosniff
X-Frame-Options: deny
X-XSS-Protection: 1; mode=block
X-GitHub-Request-Id: F2A5:35AD64:1CC40:22536:674F25C9
Accept-Ranges: bytes
Date: Tue, 03 Dec 2024 15:37:50 GMT
Via: 1.1 varnish
X-Served-By: cache-bom4736-BOM
X-Cache: MISS
X-Cache-Hits: 0
X-Timer: S1733240269.842672,VS0,VE1171
Vary: Authorization,Accept-Encoding,Origin
Access-Control-Allow-Origin: *
Cross-Origin-Resource-Policy: cross-origin
X-Fastly-Request-ID: 6200788dc2e12083ffe83f6ca9fc1ada4a45430e
Expires: Tue, 03 Dec 2024 15:42:50 GMT
Source-Age: 1

]
[2024-12-03 21:07:52,052: INFO: main: >>>>>> stage Data Ingestion stage completed <<<<<<

x==========x]
[2024-12-03 21:07:52,054: INFO: main: *******************]
[2024-12-03 21:07:52,055: INFO: main: >>>>>> stage Prepare base model started <<<<<<]
[2024-12-03 21:07:52,066: INFO: common: yaml file: C:\Users\Anuj Bohra\Desktop\MLOps\config\config.yaml loaded successfully]
[2024-12-03 21:07:52,074: INFO: common: yaml file: C:\Users\Anuj Bohra\Desktop\MLOps\params.yaml loaded successfully]
[2024-12-03 21:07:52,076: INFO: common: created directory at: artifacts]
[2024-12-03 21:07:52,088: INFO: common: created directory at: artifacts/prepare_base_model]
[2024-12-03 21:07:55,055: WARNING: saving_utils: Compiled the loaded model, but the compiled metrics have yet to be built. `model.compile_metrics` will be empty until you train or evaluate the model.]
[2024-12-03 21:07:56,108: INFO: main: >>>>>> stage Prepare base model completed <<<<<<

x==========x]
[2024-12-03 21:14:39,142: INFO: utils: NumExpr defaulting to 8 threads.]
[2024-12-03 21:14:40,807: INFO: main: >>>>>> stage Data Ingestion stage started <<<<<<]
[2024-12-03 21:14:40,812: INFO: common: yaml file: C:\Users\Anuj Bohra\Desktop\MLOps\config\config.yaml loaded successfully]
[2024-12-03 21:14:40,815: INFO: common: yaml file: C:\Users\Anuj Bohra\Desktop\MLOps\params.yaml loaded successfully]
[2024-12-03 21:14:40,816: INFO: common: created directory at: artifacts]
[2024-12-03 21:14:40,818: INFO: common: created directory at: artifacts/data_ingestion]
[2024-12-03 21:14:40,819: INFO: data_ingestion: File already exists of size: ~ 11345 KB]
[2024-12-03 21:14:41,569: INFO: main: >>>>>> stage Data Ingestion stage completed <<<<<<

x==========x]
[2024-12-03 21:14:41,569: INFO: main: *******************]
[2024-12-03 21:14:41,571: INFO: main: >>>>>> stage Prepare base model started <<<<<<]
[2024-12-03 21:14:41,574: INFO: common: yaml file: C:\Users\Anuj Bohra\Desktop\MLOps\config\config.yaml loaded successfully]
[2024-12-03 21:14:41,579: INFO: common: yaml file: C:\Users\Anuj Bohra\Desktop\MLOps\params.yaml loaded successfully]
[2024-12-03 21:14:41,579: INFO: common: created directory at: artifacts]
[2024-12-03 21:14:41,582: INFO: common: created directory at: artifacts/prepare_base_model]
[2024-12-03 21:14:42,569: WARNING: saving_utils: Compiled the loaded model, but the compiled metrics have yet to be built. `model.compile_metrics` will be empty until you train or evaluate the model.]
[2024-12-03 21:14:47,559: INFO: main: >>>>>> stage Prepare base model completed <<<<<<

x==========x]
[2024-12-03 21:18:33,151: INFO: utils: NumExpr defaulting to 8 threads.]
[2024-12-03 21:18:34,316: INFO: main: >>>>>> stage Data Ingestion stage started <<<<<<]
[2024-12-03 21:18:34,319: INFO: common: yaml file: C:\Users\Anuj Bohra\Desktop\MLOps\config\config.yaml loaded successfully]
[2024-12-03 21:18:34,321: INFO: common: yaml file: C:\Users\Anuj Bohra\Desktop\MLOps\params.yaml loaded successfully]
[2024-12-03 21:18:34,321: INFO: common: created directory at: artifacts]
[2024-12-03 21:18:34,321: INFO: common: created directory at: artifacts/data_ingestion]
[2024-12-03 21:18:34,322: INFO: data_ingestion: File already exists of size: ~ 11345 KB]
[2024-12-03 21:18:34,934: INFO: main: >>>>>> stage Data Ingestion stage completed <<<<<<

x==========x]
[2024-12-03 21:18:34,935: INFO: main: *******************]
[2024-12-03 21:18:34,935: INFO: main: >>>>>> stage Prepare base model started <<<<<<]
[2024-12-03 21:18:34,938: INFO: common: yaml file: C:\Users\Anuj Bohra\Desktop\MLOps\config\config.yaml loaded successfully]
[2024-12-03 21:18:34,942: INFO: common: yaml file: C:\Users\Anuj Bohra\Desktop\MLOps\params.yaml loaded successfully]
[2024-12-03 21:18:34,943: INFO: common: created directory at: artifacts]
[2024-12-03 21:18:34,944: INFO: common: created directory at: artifacts/prepare_base_model]
[2024-12-03 21:18:35,821: WARNING: saving_utils: Compiled the loaded model, but the compiled metrics have yet to be built. `model.compile_metrics` will be empty until you train or evaluate the model.]
[2024-12-03 21:18:36,586: INFO: main: >>>>>> stage Prepare base model completed <<<<<<

x==========x]
[2024-12-03 21:26:07,585: INFO: utils: NumExpr defaulting to 8 threads.]
[2024-12-03 21:26:09,534: INFO: main: >>>>>> stage Data Ingestion stage started <<<<<<]
[2024-12-03 21:26:09,538: INFO: common: yaml file: C:\Users\Anuj Bohra\Desktop\MLOps\config\config.yaml loaded successfully]
[2024-12-03 21:26:09,543: INFO: common: yaml file: C:\Users\Anuj Bohra\Desktop\MLOps\params.yaml loaded successfully]
[2024-12-03 21:26:09,544: INFO: common: created directory at: artifacts]
[2024-12-03 21:26:09,546: INFO: common: created directory at: artifacts/data_ingestion]
[2024-12-03 21:26:13,561: INFO: data_ingestion: artifacts/data_ingestion/data.zip download! with following info: 
Connection: close
Content-Length: 11616915
Cache-Control: max-age=300
Content-Security-Policy: default-src 'none'; style-src 'unsafe-inline'; sandbox
Content-Type: application/zip
ETag: "adf745abc03891fe493c3be264ec012691fe3fa21d861f35a27edbe6d86a76b1"
Strict-Transport-Security: max-age=31536000
X-Content-Type-Options: nosniff
X-Frame-Options: deny
X-XSS-Protection: 1; mode=block
X-GitHub-Request-Id: F2A5:35AD64:1CC40:22536:674F25C9
Accept-Ranges: bytes
Date: Tue, 03 Dec 2024 15:56:11 GMT
Via: 1.1 varnish
X-Served-By: cache-bom4751-BOM
X-Cache: HIT
X-Cache-Hits: 0
X-Timer: S1733241371.220505,VS0,VE376
Vary: Authorization,Accept-Encoding,Origin
Access-Control-Allow-Origin: *
Cross-Origin-Resource-Policy: cross-origin
X-Fastly-Request-ID: 8d72358d3ef03a52e930111fc44c43bae4dde663
Expires: Tue, 03 Dec 2024 16:01:11 GMT
Source-Age: 0

]
[2024-12-03 21:26:14,535: INFO: main: >>>>>> stage Data Ingestion stage completed <<<<<<

x==========x]
[2024-12-03 21:26:14,536: INFO: main: *******************]
[2024-12-03 21:26:14,536: INFO: main: >>>>>> stage Prepare base model started <<<<<<]
[2024-12-03 21:26:14,542: INFO: common: yaml file: C:\Users\Anuj Bohra\Desktop\MLOps\config\config.yaml loaded successfully]
[2024-12-03 21:26:14,548: INFO: common: yaml file: C:\Users\Anuj Bohra\Desktop\MLOps\params.yaml loaded successfully]
[2024-12-03 21:26:14,550: INFO: common: created directory at: artifacts]
[2024-12-03 21:26:14,551: INFO: common: created directory at: artifacts/prepare_base_model]
[2024-12-03 21:26:15,603: WARNING: saving_utils: Compiled the loaded model, but the compiled metrics have yet to be built. `model.compile_metrics` will be empty until you train or evaluate the model.]
[2024-12-03 21:26:16,170: INFO: main: >>>>>> stage Prepare base model completed <<<<<<

x==========x]
[2024-12-03 21:41:51,476: INFO: utils: NumExpr defaulting to 8 threads.]
[2024-12-03 21:52:22,531: INFO: utils: NumExpr defaulting to 8 threads.]
[2024-12-03 21:52:23,728: INFO: main: >>>>>> stage Data Ingestion stage started <<<<<<]
[2024-12-03 21:52:23,733: INFO: common: yaml file: C:\Users\Anuj Bohra\Desktop\MLOps\config\config.yaml loaded successfully]
[2024-12-03 21:52:23,738: INFO: common: yaml file: C:\Users\Anuj Bohra\Desktop\MLOps\params.yaml loaded successfully]
[2024-12-03 21:52:23,739: INFO: common: created directory at: artifacts]
[2024-12-03 21:52:23,742: INFO: common: created directory at: artifacts/data_ingestion]
[2024-12-03 21:52:28,067: INFO: data_ingestion: artifacts/data_ingestion/data.zip download! with following info: 
Connection: close
Content-Length: 11616915
Cache-Control: max-age=300
Content-Security-Policy: default-src 'none'; style-src 'unsafe-inline'; sandbox
Content-Type: application/zip
ETag: "adf745abc03891fe493c3be264ec012691fe3fa21d861f35a27edbe6d86a76b1"
Strict-Transport-Security: max-age=31536000
X-Content-Type-Options: nosniff
X-Frame-Options: deny
X-XSS-Protection: 1; mode=block
X-GitHub-Request-Id: F2A5:35AD64:1CC40:22536:674F25C9
Accept-Ranges: bytes
Date: Tue, 03 Dec 2024 16:22:25 GMT
Via: 1.1 varnish
X-Served-By: cache-bom4734-BOM
X-Cache: HIT
X-Cache-Hits: 0
X-Timer: S1733242945.403757,VS0,VE343
Vary: Authorization,Accept-Encoding,Origin
Access-Control-Allow-Origin: *
Cross-Origin-Resource-Policy: cross-origin
X-Fastly-Request-ID: 4c490749e79c41d296bd48a10a67679a7223cf3d
Expires: Tue, 03 Dec 2024 16:27:25 GMT
Source-Age: 0

]
[2024-12-03 21:52:29,347: INFO: main: >>>>>> stage Data Ingestion stage completed <<<<<<

x==========x]
[2024-12-03 21:52:29,348: INFO: main: *******************]
[2024-12-03 21:52:29,348: INFO: main: >>>>>> stage Prepare base model started <<<<<<]
[2024-12-03 21:52:29,356: INFO: common: yaml file: C:\Users\Anuj Bohra\Desktop\MLOps\config\config.yaml loaded successfully]
[2024-12-03 21:52:29,363: INFO: common: yaml file: C:\Users\Anuj Bohra\Desktop\MLOps\params.yaml loaded successfully]
[2024-12-03 21:52:29,363: INFO: common: created directory at: artifacts]
[2024-12-03 21:52:29,365: INFO: common: created directory at: artifacts/prepare_base_model]
[2024-12-03 21:52:30,391: WARNING: saving_utils: Compiled the loaded model, but the compiled metrics have yet to be built. `model.compile_metrics` will be empty until you train or evaluate the model.]
[2024-12-03 21:52:30,979: INFO: main: >>>>>> stage Prepare base model completed <<<<<<

x==========x]
[2024-12-03 21:52:30,981: INFO: main: *******************]
[2024-12-03 21:52:30,982: INFO: main: >>>>>> stage Training started <<<<<<]
[2024-12-03 21:52:30,998: INFO: common: yaml file: C:\Users\Anuj Bohra\Desktop\MLOps\config\config.yaml loaded successfully]
[2024-12-03 21:52:31,010: INFO: common: yaml file: C:\Users\Anuj Bohra\Desktop\MLOps\params.yaml loaded successfully]
[2024-12-03 21:52:31,014: INFO: common: created directory at: artifacts]
[2024-12-03 21:52:31,021: INFO: common: created directory at: artifacts\prepare_callbacks\checkpoint_dir]
[2024-12-03 21:52:31,025: INFO: common: created directory at: artifacts\prepare_callbacks\tensorboard_log_dir]
[2024-12-03 21:52:31,039: INFO: common: created directory at: artifacts\training]
[2024-12-03 21:54:34,792: INFO: main: >>>>>> stage Training completed <<<<<<

x==========x]
[2024-12-04 10:30:30,791: INFO: common: yaml file: C:\Users\Anuj Bohra\Desktop\MLOps\config\config.yaml loaded successfully]
[2024-12-04 10:30:30,946: INFO: common: yaml file: C:\Users\Anuj Bohra\Desktop\MLOps\params.yaml loaded successfully]
[2024-12-04 10:30:30,962: INFO: common: created directory at: artifacts]
[2024-12-04 10:31:10,084: INFO: common: yaml file: C:\Users\Anuj Bohra\Desktop\MLOps\config\config.yaml loaded successfully]
[2024-12-04 10:31:10,115: INFO: common: yaml file: C:\Users\Anuj Bohra\Desktop\MLOps\params.yaml loaded successfully]
[2024-12-04 10:31:10,130: INFO: common: created directory at: artifacts]
[2024-12-04 10:34:33,782: INFO: common: json file saved at: scores.json]
[2024-12-04 10:42:22,674: INFO: utils: NumExpr defaulting to 8 threads.]
[2024-12-04 10:57:10,473: INFO: utils: NumExpr defaulting to 8 threads.]
[2024-12-04 10:57:11,859: INFO: main: >>>>>> stage Data Ingestion stage started <<<<<<]
[2024-12-04 10:57:11,865: INFO: common: yaml file: C:\Users\Anuj Bohra\Desktop\MLOps\config\config.yaml loaded successfully]
[2024-12-04 10:57:11,868: INFO: common: yaml file: C:\Users\Anuj Bohra\Desktop\MLOps\params.yaml loaded successfully]
[2024-12-04 10:57:11,869: INFO: common: created directory at: artifacts]
[2024-12-04 10:57:11,871: INFO: common: created directory at: artifacts/data_ingestion]
[2024-12-04 10:57:14,044: INFO: data_ingestion: artifacts/data_ingestion/data.zip download! with following info: 
Connection: close
Content-Length: 11616915
Cache-Control: max-age=300
Content-Security-Policy: default-src 'none'; style-src 'unsafe-inline'; sandbox
Content-Type: application/zip
ETag: "adf745abc03891fe493c3be264ec012691fe3fa21d861f35a27edbe6d86a76b1"
Strict-Transport-Security: max-age=31536000
X-Content-Type-Options: nosniff
X-Frame-Options: deny
X-XSS-Protection: 1; mode=block
X-GitHub-Request-Id: 701C:35E8DA:91452:BEF88:674FE832
Accept-Ranges: bytes
Date: Wed, 04 Dec 2024 05:27:15 GMT
Via: 1.1 varnish
X-Served-By: cache-bom4728-BOM
X-Cache: MISS
X-Cache-Hits: 0
X-Timer: S1733290034.357295,VS0,VE965
Vary: Authorization,Accept-Encoding,Origin
Access-Control-Allow-Origin: *
Cross-Origin-Resource-Policy: cross-origin
X-Fastly-Request-ID: a6953ec5ee2b131a987a689d48b0533e9931b537
Expires: Wed, 04 Dec 2024 05:32:15 GMT
Source-Age: 1

]
[2024-12-04 10:57:15,280: INFO: main: >>>>>> stage Data Ingestion stage completed <<<<<<

x==========x]
[2024-12-04 10:57:15,283: INFO: main: *******************]
[2024-12-04 10:57:15,284: INFO: main: >>>>>> stage Prepare base model started <<<<<<]
[2024-12-04 10:57:15,299: INFO: common: yaml file: C:\Users\Anuj Bohra\Desktop\MLOps\config\config.yaml loaded successfully]
[2024-12-04 10:57:15,309: INFO: common: yaml file: C:\Users\Anuj Bohra\Desktop\MLOps\params.yaml loaded successfully]
[2024-12-04 10:57:15,315: INFO: common: created directory at: artifacts]
[2024-12-04 10:57:15,319: INFO: common: created directory at: artifacts/prepare_base_model]
[2024-12-04 10:57:17,161: WARNING: saving_utils: Compiled the loaded model, but the compiled metrics have yet to be built. `model.compile_metrics` will be empty until you train or evaluate the model.]
[2024-12-04 10:57:17,803: INFO: main: >>>>>> stage Prepare base model completed <<<<<<

x==========x]
[2024-12-04 10:57:17,804: INFO: main: *******************]
[2024-12-04 10:57:17,805: INFO: main: >>>>>> stage Training started <<<<<<]
[2024-12-04 10:57:17,816: INFO: common: yaml file: C:\Users\Anuj Bohra\Desktop\MLOps\config\config.yaml loaded successfully]
[2024-12-04 10:57:17,826: INFO: common: yaml file: C:\Users\Anuj Bohra\Desktop\MLOps\params.yaml loaded successfully]
[2024-12-04 10:57:17,828: INFO: common: created directory at: artifacts]
[2024-12-04 10:57:17,834: INFO: common: created directory at: artifacts\prepare_callbacks\checkpoint_dir]
[2024-12-04 10:57:17,836: INFO: common: created directory at: artifacts\prepare_callbacks\tensorboard_log_dir]
[2024-12-04 10:57:17,850: INFO: common: created directory at: artifacts\training]
[2024-12-04 11:01:51,253: INFO: main: >>>>>> stage Training completed <<<<<<

x==========x]
[2024-12-04 11:01:51,263: INFO: main: *******************]
[2024-12-04 11:01:51,266: INFO: main: >>>>>> stage Evaluation stage started <<<<<<]
[2024-12-04 11:01:51,297: INFO: common: yaml file: C:\Users\Anuj Bohra\Desktop\MLOps\config\config.yaml loaded successfully]
[2024-12-04 11:01:51,327: INFO: common: yaml file: C:\Users\Anuj Bohra\Desktop\MLOps\params.yaml loaded successfully]
[2024-12-04 11:01:51,331: INFO: common: created directory at: artifacts]
[2024-12-04 11:03:20,476: INFO: common: json file saved at: scores.json]
[2024-12-04 11:03:20,485: INFO: main: >>>>>> stage Evaluation stage completed <<<<<<

x==========x]
[2024-12-04 11:24:13,937: INFO: stage_01_data_ingestion: >>>> stage Data Ingestion Stage started <<<<<]
[2024-12-04 11:24:13,941: INFO: common: yaml file: C:\Users\Anuj Bohra\Desktop\MLOps\config\config.yaml loaded successfully]
[2024-12-04 11:24:13,943: INFO: common: yaml file: C:\Users\Anuj Bohra\Desktop\MLOps\params.yaml loaded successfully]
[2024-12-04 11:24:13,943: INFO: common: created directory at: artifacts]
[2024-12-04 11:24:13,944: INFO: common: created directory at: artifacts/data_ingestion]
[2024-12-04 11:24:15,611: INFO: data_ingestion: artifacts/data_ingestion/data.zip download! with following info: 
Connection: close
Content-Length: 11616915
Cache-Control: max-age=300
Content-Security-Policy: default-src 'none'; style-src 'unsafe-inline'; sandbox
Content-Type: application/zip
ETag: "adf745abc03891fe493c3be264ec012691fe3fa21d861f35a27edbe6d86a76b1"
Strict-Transport-Security: max-age=31536000
X-Content-Type-Options: nosniff
X-Frame-Options: deny
X-XSS-Protection: 1; mode=block
X-GitHub-Request-Id: 701C:35E8DA:91452:BEF88:674FE832
Accept-Ranges: bytes
Date: Wed, 04 Dec 2024 05:54:16 GMT
Via: 1.1 varnish
X-Served-By: cache-bom4728-BOM
X-Cache: HIT
X-Cache-Hits: 0
X-Timer: S1733291657.627942,VS0,VE338
Vary: Authorization,Accept-Encoding,Origin
Access-Control-Allow-Origin: *
Cross-Origin-Resource-Policy: cross-origin
X-Fastly-Request-ID: 67250395db133423f6697a00ade0508eae395dc7
Expires: Wed, 04 Dec 2024 05:59:16 GMT
Source-Age: 0

]
[2024-12-04 11:24:16,548: ERROR: stage_01_data_ingestion: 'Logger' object has no attribute 'ingo']
Traceback (most recent call last):
  File "C:\Users\Anuj Bohra\Desktop\MLOps\src\CNN_Classifier\pipeline\stage_01_data_ingestion.py", line 26, in <module>
    logger.ingo(f">>>>>> stage {STAGE_NAME} completed <<<<<\n\nx=========x")
    ^^^^^^^^^^^
AttributeError: 'Logger' object has no attribute 'ingo'
[2024-12-04 11:24:54,222: INFO: stage_01_data_ingestion: >>>> stage Data Ingestion Stage started <<<<<]
[2024-12-04 11:24:54,226: INFO: common: yaml file: C:\Users\Anuj Bohra\Desktop\MLOps\config\config.yaml loaded successfully]
[2024-12-04 11:24:54,229: INFO: common: yaml file: C:\Users\Anuj Bohra\Desktop\MLOps\params.yaml loaded successfully]
[2024-12-04 11:24:54,230: INFO: common: created directory at: artifacts]
[2024-12-04 11:24:54,230: INFO: common: created directory at: artifacts/data_ingestion]
[2024-12-04 11:24:54,231: INFO: data_ingestion: File already exists of size: ~ 11345 KB]
[2024-12-04 11:24:55,130: INFO: stage_01_data_ingestion: >>>>>> stage Data Ingestion Stage completed <<<<<

x=========x]
[2024-12-04 11:25:27,744: INFO: stage_01_data_ingestion: >>>> stage Data Ingestion Stage started <<<<<]
[2024-12-04 11:25:27,760: INFO: common: yaml file: C:\Users\Anuj Bohra\Desktop\MLOps\config\config.yaml loaded successfully]
[2024-12-04 11:25:27,770: INFO: common: yaml file: C:\Users\Anuj Bohra\Desktop\MLOps\params.yaml loaded successfully]
[2024-12-04 11:25:27,773: INFO: common: created directory at: artifacts]
[2024-12-04 11:25:27,774: INFO: common: created directory at: artifacts/data_ingestion]
[2024-12-04 11:25:28,462: INFO: data_ingestion: artifacts/data_ingestion/data.zip download! with following info: 
Connection: close
Content-Length: 11616915
Cache-Control: max-age=300
Content-Security-Policy: default-src 'none'; style-src 'unsafe-inline'; sandbox
Content-Type: application/zip
ETag: "adf745abc03891fe493c3be264ec012691fe3fa21d861f35a27edbe6d86a76b1"
Strict-Transport-Security: max-age=31536000
X-Content-Type-Options: nosniff
X-Frame-Options: deny
X-XSS-Protection: 1; mode=block
X-GitHub-Request-Id: 701C:35E8DA:91452:BEF88:674FE832
Accept-Ranges: bytes
Date: Wed, 04 Dec 2024 05:55:29 GMT
Via: 1.1 varnish
X-Served-By: cache-bom4737-BOM
X-Cache: HIT
X-Cache-Hits: 0
X-Timer: S1733291730.922537,VS0,VE1
Vary: Authorization,Accept-Encoding,Origin
Access-Control-Allow-Origin: *
Cross-Origin-Resource-Policy: cross-origin
X-Fastly-Request-ID: 78b6adc463e639d861f1bb8bc3342e43d76cf9f5
Expires: Wed, 04 Dec 2024 06:00:29 GMT
Source-Age: 73

]
[2024-12-04 11:25:30,157: INFO: stage_01_data_ingestion: >>>>>> stage Data Ingestion Stage completed <<<<<

x=========x]
[2024-12-04 14:08:50,126: INFO: stage_01_data_ingestion: >>>> stage Data Ingestion Stage started <<<<<]
[2024-12-04 14:08:50,132: INFO: common: yaml file: C:\Users\Anuj Bohra\Desktop\MLOps\config\config.yaml loaded successfully]
[2024-12-04 14:08:50,136: INFO: common: yaml file: C:\Users\Anuj Bohra\Desktop\MLOps\params.yaml loaded successfully]
[2024-12-04 14:08:50,139: INFO: common: created directory at: artifacts]
[2024-12-04 14:08:50,140: INFO: common: created directory at: artifacts/data_ingestion]
[2024-12-04 14:08:50,142: INFO: data_ingestion: File already exists of size: ~ 11345 KB]
[2024-12-04 14:08:51,660: INFO: stage_01_data_ingestion: >>>>>> stage Data Ingestion Stage completed <<<<<

x=========x]
[2024-12-04 14:11:11,466: INFO: stage_01_data_ingestion: >>>> stage Data Ingestion Stage started <<<<<]
[2024-12-04 14:11:11,469: INFO: common: yaml file: C:\Users\Anuj Bohra\Desktop\MLOps\config\config.yaml loaded successfully]
[2024-12-04 14:11:11,470: INFO: common: yaml file: C:\Users\Anuj Bohra\Desktop\MLOps\params.yaml loaded successfully]
[2024-12-04 14:11:11,472: INFO: common: created directory at: artifacts]
[2024-12-04 14:11:11,473: INFO: common: created directory at: artifacts/data_ingestion]
[2024-12-04 14:11:11,474: INFO: data_ingestion: File already exists of size: ~ 11345 KB]
[2024-12-04 14:11:12,484: INFO: stage_01_data_ingestion: >>>>>> stage Data Ingestion Stage completed <<<<<

x=========x]
[2024-12-04 14:11:43,382: INFO: utils: NumExpr defaulting to 8 threads.]
[2024-12-04 14:11:46,125: INFO: stage_02_prepare_base_model: *******************]
[2024-12-04 14:11:46,125: INFO: stage_02_prepare_base_model: >>>>>> stage Prepare base model started <<<<<<]
[2024-12-04 14:11:46,134: INFO: common: yaml file: C:\Users\Anuj Bohra\Desktop\MLOps\config\config.yaml loaded successfully]
[2024-12-04 14:11:46,139: INFO: common: yaml file: C:\Users\Anuj Bohra\Desktop\MLOps\params.yaml loaded successfully]
[2024-12-04 14:11:46,140: INFO: common: created directory at: artifacts]
[2024-12-04 14:11:46,141: INFO: common: created directory at: artifacts/prepare_base_model]
[2024-12-04 14:11:47,526: WARNING: saving_utils: Compiled the loaded model, but the compiled metrics have yet to be built. `model.compile_metrics` will be empty until you train or evaluate the model.]
[2024-12-04 14:11:48,230: INFO: stage_02_prepare_base_model: >>>>>> stage Prepare base model completed <<<<<<

x==========x]
[2024-12-04 14:12:08,015: INFO: utils: NumExpr defaulting to 8 threads.]
[2024-12-04 14:12:10,320: INFO: stage_03_training: *******************]
[2024-12-04 14:12:10,321: INFO: stage_03_training: >>>>>> stage Training started <<<<<<]
[2024-12-04 14:12:10,333: INFO: common: yaml file: C:\Users\Anuj Bohra\Desktop\MLOps\config\config.yaml loaded successfully]
[2024-12-04 14:12:10,339: INFO: common: yaml file: C:\Users\Anuj Bohra\Desktop\MLOps\params.yaml loaded successfully]
[2024-12-04 14:12:10,341: INFO: common: created directory at: artifacts]
[2024-12-04 14:12:10,345: INFO: common: created directory at: artifacts\prepare_callbacks\checkpoint_dir]
[2024-12-04 14:12:10,346: INFO: common: created directory at: artifacts\prepare_callbacks\tensorboard_log_dir]
[2024-12-04 14:12:10,354: INFO: common: created directory at: artifacts\training]
[2024-12-04 14:15:40,136: INFO: stage_03_training: >>>>>> stage Training completed <<<<<<

x==========x]
[2024-12-04 14:15:59,256: INFO: utils: NumExpr defaulting to 8 threads.]
[2024-12-04 14:16:01,995: INFO: stage_04_model_evaluation: *******************]
[2024-12-04 14:16:01,996: INFO: stage_04_model_evaluation: >>>>>> stage Evaluation stage started <<<<<<]
[2024-12-04 14:16:02,019: INFO: common: yaml file: C:\Users\Anuj Bohra\Desktop\MLOps\config\config.yaml loaded successfully]
[2024-12-04 14:16:02,026: INFO: common: yaml file: C:\Users\Anuj Bohra\Desktop\MLOps\params.yaml loaded successfully]
[2024-12-04 14:16:02,028: INFO: common: created directory at: artifacts]
[2024-12-04 14:17:20,983: INFO: common: json file saved at: scores.json]
[2024-12-04 14:17:20,986: INFO: stage_04_model_evaluation: >>>>>> stage Evaluation stage completed <<<<<<

x==========x]
