[2024-12-03 11:07:25,340: INFO: common: yaml file: C:\Users\Anuj Bohra\Desktop\MLOps\config\config.yaml loaded successfully]
[2024-12-03 11:07:25,346: INFO: common: yaml file: C:\Users\Anuj Bohra\Desktop\MLOps\params.yaml loaded successfully]
[2024-12-03 11:07:25,349: INFO: common: created directory at: artifacts]
[2024-12-03 11:07:25,352: INFO: common: created directory at: artifacts/data_ingestion]
[2024-12-03 11:07:25,356: INFO: 4037744573: File already exists of size: ~ 11345 KB]
[2024-12-03 11:08:02,412: INFO: common: yaml file: C:\Users\Anuj Bohra\Desktop\MLOps\config\config.yaml loaded successfully]
[2024-12-03 11:08:02,423: INFO: common: yaml file: C:\Users\Anuj Bohra\Desktop\MLOps\params.yaml loaded successfully]
[2024-12-03 11:08:02,427: INFO: common: created directory at: artifacts]
[2024-12-03 11:08:02,432: INFO: common: created directory at: artifacts/data_ingestion]
[2024-12-03 11:08:05,362: INFO: 4037744573: artifacts/data_ingestion/data.zip download! with following info: 
Connection: close
Content-Length: 11616915
Cache-Control: max-age=300
Content-Security-Policy: default-src 'none'; style-src 'unsafe-inline'; sandbox
Content-Type: application/zip
ETag: "adf745abc03891fe493c3be264ec012691fe3fa21d861f35a27edbe6d86a76b1"
Strict-Transport-Security: max-age=31536000
X-Content-Type-Options: nosniff
X-Frame-Options: deny
X-XSS-Protection: 1; mode=block
X-GitHub-Request-Id: 13EE:F5EFC:11D928:1553B4:674E9936
Accept-Ranges: bytes
Date: Tue, 03 Dec 2024 05:38:03 GMT
Via: 1.1 varnish
X-Served-By: cache-bom4730-BOM
X-Cache: MISS
X-Cache-Hits: 0
X-Timer: S1733204283.004800,VS0,VE915
Vary: Authorization,Accept-Encoding,Origin
Access-Control-Allow-Origin: *
Cross-Origin-Resource-Policy: cross-origin
X-Fastly-Request-ID: b7128ea1f6e2bb07b8f0b82d9d88f7bd94c9a3a6
Expires: Tue, 03 Dec 2024 05:43:03 GMT
Source-Age: 1

]
